[0m14:15:12.544553 [debug] [MainThread]: Sending event: {'category': 'dbt', 'action': 'invocation', 'label': 'start', 'context': [<snowplow_tracker.self_describing_json.SelfDescribingJson object at 0x120ea9890>, <snowplow_tracker.self_describing_json.SelfDescribingJson object at 0x120ec9290>, <snowplow_tracker.self_describing_json.SelfDescribingJson object at 0x120ec87d0>]}


============================== 14:15:12.547116 | e8047ae9-ab39-4f67-b578-07ddaad3ae03 ==============================
[0m14:15:12.547116 [info ] [MainThread]: Running with dbt=1.9.1
[0m14:15:12.547453 [debug] [MainThread]: running dbt with arguments {'printer_width': '80', 'indirect_selection': 'eager', 'write_json': 'True', 'log_cache_events': 'False', 'partial_parse': 'True', 'cache_selected_only': 'False', 'warn_error': 'None', 'version_check': 'True', 'debug': 'False', 'log_path': 'logs', 'fail_fast': 'False', 'profiles_dir': '/Users/gusrasch/.dbt', 'use_colors': 'True', 'use_experimental_parser': 'False', 'empty': 'None', 'quiet': 'False', 'no_print': 'None', 'warn_error_options': 'WarnErrorOptions(include=[], exclude=[])', 'invocation_command': 'dbt init', 'static_parser': 'True', 'introspect': 'True', 'target_path': 'None', 'log_format': 'default', 'send_anonymous_usage_stats': 'True'}
[0m14:15:17.963702 [debug] [MainThread]: Starter project path: /Users/gusrasch/dev/bikeshed-nyc/.venv/lib/python3.11/site-packages/dbt/include/starter_project
[0m14:15:17.972424 [info ] [MainThread]: 
Your new dbt project "bikeshed_nyc" was created!

For more information on how to configure the profiles.yml file,
please consult the dbt documentation here:

  https://docs.getdbt.com/docs/configure-your-profile

One more thing:

Need help? Don't hesitate to reach out to us via GitHub issues or on Slack:

  https://community.getdbt.com/

Happy modeling!

[0m14:15:17.973001 [info ] [MainThread]: Setting up your profile.
[0m14:21:48.520379 [info ] [MainThread]: Profile bikeshed_nyc written to /Users/gusrasch/.dbt/profiles.yml using target's profile_template.yml and your supplied values. Run 'dbt debug' to validate the connection.
[0m14:21:48.521863 [debug] [MainThread]: Resource report: {"command_name": "init", "command_success": true, "command_wall_clock_time": 396.0116, "process_in_blocks": "0", "process_kernel_time": 0.42242, "process_mem_max_rss": "224444416", "process_out_blocks": "0", "process_user_time": 2.092972}
[0m14:21:48.522162 [debug] [MainThread]: Command `dbt init` succeeded at 14:21:48.522105 after 396.01 seconds
[0m14:21:48.522419 [debug] [MainThread]: Sending event: {'category': 'dbt', 'action': 'invocation', 'label': 'end', 'context': [<snowplow_tracker.self_describing_json.SelfDescribingJson object at 0x120ec8410>, <snowplow_tracker.self_describing_json.SelfDescribingJson object at 0x10468f590>, <snowplow_tracker.self_describing_json.SelfDescribingJson object at 0x127b2a150>]}
[0m14:21:48.522684 [debug] [MainThread]: Flushing usage events
[0m14:21:48.746592 [debug] [MainThread]: An error was encountered while trying to flush usage events
